{"C:\\Users\\miki1\\Documents\\GitHub\\Assignment1-2\\server.js": {"path":"C:\\Users\\miki1\\Documents\\GitHub\\Assignment1-2\\server.js","statementMap":{"0":{"start":{"line":1,"column":16},"end":{"line":1,"column":34}},"1":{"start":{"line":2,"column":12},"end":{"line":2,"column":21}},"2":{"start":{"line":3,"column":15},"end":{"line":3,"column":41}},"3":{"start":{"line":5,"column":17},"end":{"line":5,"column":36}},"4":{"start":{"line":6,"column":19},"end":{"line":6,"column":41}},"5":{"start":{"line":7,"column":19},"end":{"line":7,"column":43}},"6":{"start":{"line":8,"column":22},"end":{"line":8,"column":49}},"7":{"start":{"line":10,"column":11},"end":{"line":10,"column":30}},"8":{"start":{"line":11,"column":0},"end":{"line":11,"column":65}},"9":{"start":{"line":12,"column":0},"end":{"line":14,"column":3}},"10":{"start":{"line":13,"column":2},"end":{"line":13,"column":43}},"11":{"start":{"line":16,"column":0},"end":{"line":16,"column":27}},"12":{"start":{"line":17,"column":0},"end":{"line":17,"column":51}},"13":{"start":{"line":19,"column":0},"end":{"line":19,"column":29}},"14":{"start":{"line":21,"column":0},"end":{"line":21,"column":36}},"15":{"start":{"line":26,"column":16},"end":{"line":31,"column":1}},"16":{"start":{"line":27,"column":2},"end":{"line":30,"column":5}},"17":{"start":{"line":28,"column":4},"end":{"line":28,"column":51}},"18":{"start":{"line":29,"column":4},"end":{"line":29,"column":17}},"19":{"start":{"line":33,"column":0},"end":{"line":33,"column":25}}},"fnMap":{"0":{"name":"(anonymous_0)","decl":{"start":{"line":12,"column":16},"end":{"line":12,"column":17}},"loc":{"start":{"line":12,"column":28},"end":{"line":14,"column":1}},"line":12},"1":{"name":"(anonymous_1)","decl":{"start":{"line":26,"column":16},"end":{"line":26,"column":17}},"loc":{"start":{"line":26,"column":22},"end":{"line":31,"column":1}},"line":26},"2":{"name":"(anonymous_2)","decl":{"start":{"line":27,"column":21},"end":{"line":27,"column":22}},"loc":{"start":{"line":27,"column":48},"end":{"line":30,"column":3}},"line":27}},"branchMap":{},"s":{"0":2,"1":2,"2":2,"3":2,"4":2,"5":2,"6":2,"7":2,"8":2,"9":2,"10":2,"11":2,"12":2,"13":2,"14":2,"15":2,"16":2,"17":2,"18":2,"19":2},"f":{"0":2,"1":2,"2":2},"b":{},"_coverageSchema":"1a1c01bbd47fc00a2c39e90264f33305004495a9","hash":"75dbbf45e671b6e41d8b7f5f3d09c95ff18b3eeb"}
,"C:\\Users\\miki1\\Documents\\GitHub\\Assignment1-2\\controllers\\comment.js": {"path":"C:\\Users\\miki1\\Documents\\GitHub\\Assignment1-2\\controllers\\comment.js","statementMap":{"0":{"start":{"line":1,"column":16},"end":{"line":1,"column":44}},"1":{"start":{"line":4,"column":22},"end":{"line":16,"column":1}},"2":{"start":{"line":5,"column":4},"end":{"line":15,"column":5}},"3":{"start":{"line":6,"column":46},"end":{"line":6,"column":54}},"4":{"start":{"line":7,"column":8},"end":{"line":9,"column":9}},"5":{"start":{"line":8,"column":12},"end":{"line":8,"column":78}},"6":{"start":{"line":11,"column":27},"end":{"line":11,"column":78}},"7":{"start":{"line":12,"column":8},"end":{"line":12,"column":41}},"8":{"start":{"line":14,"column":8},"end":{"line":14,"column":55}},"9":{"start":{"line":18,"column":20},"end":{"line":30,"column":1}},"10":{"start":{"line":19,"column":4},"end":{"line":29,"column":5}},"11":{"start":{"line":20,"column":27},"end":{"line":20,"column":36}},"12":{"start":{"line":23,"column":23},"end":{"line":23,"column":47}},"13":{"start":{"line":24,"column":25},"end":{"line":24,"column":51}},"14":{"start":{"line":26,"column":8},"end":{"line":26,"column":39}},"15":{"start":{"line":28,"column":8},"end":{"line":28,"column":55}},"16":{"start":{"line":32,"column":22},"end":{"line":42,"column":1}},"17":{"start":{"line":33,"column":4},"end":{"line":41,"column":5}},"18":{"start":{"line":34,"column":23},"end":{"line":34,"column":33}},"19":{"start":{"line":35,"column":24},"end":{"line":35,"column":84}},"20":{"start":{"line":36,"column":8},"end":{"line":36,"column":71}},"21":{"start":{"line":36,"column":22},"end":{"line":36,"column":71}},"22":{"start":{"line":37,"column":8},"end":{"line":37,"column":38}},"23":{"start":{"line":39,"column":8},"end":{"line":39,"column":55}},"24":{"start":{"line":44,"column":22},"end":{"line":53,"column":1}},"25":{"start":{"line":45,"column":4},"end":{"line":52,"column":5}},"26":{"start":{"line":46,"column":23},"end":{"line":46,"column":33}},"27":{"start":{"line":47,"column":24},"end":{"line":47,"column":59}},"28":{"start":{"line":48,"column":8},"end":{"line":48,"column":71}},"29":{"start":{"line":48,"column":22},"end":{"line":48,"column":71}},"30":{"start":{"line":49,"column":8},"end":{"line":49,"column":74}},"31":{"start":{"line":51,"column":8},"end":{"line":51,"column":55}},"32":{"start":{"line":57,"column":0},"end":{"line":63,"column":1}}},"fnMap":{"0":{"name":"(anonymous_0)","decl":{"start":{"line":4,"column":22},"end":{"line":4,"column":23}},"loc":{"start":{"line":4,"column":42},"end":{"line":16,"column":1}},"line":4},"1":{"name":"(anonymous_1)","decl":{"start":{"line":18,"column":20},"end":{"line":18,"column":21}},"loc":{"start":{"line":18,"column":40},"end":{"line":30,"column":1}},"line":18},"2":{"name":"(anonymous_2)","decl":{"start":{"line":32,"column":22},"end":{"line":32,"column":23}},"loc":{"start":{"line":32,"column":42},"end":{"line":42,"column":1}},"line":32},"3":{"name":"(anonymous_3)","decl":{"start":{"line":44,"column":22},"end":{"line":44,"column":23}},"loc":{"start":{"line":44,"column":42},"end":{"line":53,"column":1}},"line":44}},"branchMap":{"0":{"loc":{"start":{"line":7,"column":8},"end":{"line":9,"column":9}},"type":"if","locations":[{"start":{"line":7,"column":8},"end":{"line":9,"column":9}},{"start":{},"end":{}}],"line":7},"1":{"loc":{"start":{"line":7,"column":12},"end":{"line":7,"column":44}},"type":"binary-expr","locations":[{"start":{"line":7,"column":12},"end":{"line":7,"column":19}},{"start":{"line":7,"column":23},"end":{"line":7,"column":31}},{"start":{"line":7,"column":35},"end":{"line":7,"column":44}}],"line":7},"2":{"loc":{"start":{"line":23,"column":23},"end":{"line":23,"column":47}},"type":"cond-expr","locations":[{"start":{"line":23,"column":32},"end":{"line":23,"column":42}},{"start":{"line":23,"column":45},"end":{"line":23,"column":47}}],"line":23},"3":{"loc":{"start":{"line":36,"column":8},"end":{"line":36,"column":71}},"type":"if","locations":[{"start":{"line":36,"column":8},"end":{"line":36,"column":71}},{"start":{},"end":{}}],"line":36},"4":{"loc":{"start":{"line":48,"column":8},"end":{"line":48,"column":71}},"type":"if","locations":[{"start":{"line":48,"column":8},"end":{"line":48,"column":71}},{"start":{},"end":{}}],"line":48}},"s":{"0":2,"1":2,"2":3,"3":3,"4":3,"5":2,"6":1,"7":1,"8":0,"9":2,"10":3,"11":3,"12":3,"13":3,"14":3,"15":0,"16":2,"17":3,"18":3,"19":3,"20":2,"21":1,"22":1,"23":1,"24":2,"25":2,"26":2,"27":2,"28":2,"29":1,"30":1,"31":0,"32":2},"f":{"0":3,"1":3,"2":3,"3":2},"b":{"0":[2,1],"1":[3,2,2],"2":[1,2],"3":[1,1],"4":[1,1]},"_coverageSchema":"1a1c01bbd47fc00a2c39e90264f33305004495a9","hash":"eb158a70f97d24d956d42cc9baa6c4f474534a6e"}
,"C:\\Users\\miki1\\Documents\\GitHub\\Assignment1-2\\controllers\\post.js": {"path":"C:\\Users\\miki1\\Documents\\GitHub\\Assignment1-2\\controllers\\post.js","statementMap":{"0":{"start":{"line":1,"column":13},"end":{"line":1,"column":38}},"1":{"start":{"line":6,"column":16},"end":{"line":24,"column":1}},"2":{"start":{"line":7,"column":4},"end":{"line":23,"column":5}},"3":{"start":{"line":8,"column":38},"end":{"line":8,"column":46}},"4":{"start":{"line":10,"column":8},"end":{"line":12,"column":9}},"5":{"start":{"line":11,"column":12},"end":{"line":11,"column":97}},"6":{"start":{"line":14,"column":24},"end":{"line":17,"column":10}},"7":{"start":{"line":19,"column":8},"end":{"line":19,"column":29}},"8":{"start":{"line":20,"column":8},"end":{"line":20,"column":38}},"9":{"start":{"line":22,"column":8},"end":{"line":22,"column":55}},"10":{"start":{"line":30,"column":20},"end":{"line":49,"column":1}},"11":{"start":{"line":31,"column":4},"end":{"line":48,"column":5}},"12":{"start":{"line":32,"column":27},"end":{"line":32,"column":36}},"13":{"start":{"line":35,"column":8},"end":{"line":39,"column":9}},"14":{"start":{"line":36,"column":12},"end":{"line":36,"column":58}},"15":{"start":{"line":38,"column":12},"end":{"line":38,"column":38}},"16":{"start":{"line":41,"column":8},"end":{"line":43,"column":9}},"17":{"start":{"line":42,"column":12},"end":{"line":42,"column":71}},"18":{"start":{"line":45,"column":8},"end":{"line":45,"column":36}},"19":{"start":{"line":47,"column":8},"end":{"line":47,"column":55}},"20":{"start":{"line":74,"column":20},"end":{"line":88,"column":1}},"21":{"start":{"line":75,"column":4},"end":{"line":87,"column":5}},"22":{"start":{"line":76,"column":23},"end":{"line":76,"column":33}},"23":{"start":{"line":78,"column":21},"end":{"line":78,"column":44}},"24":{"start":{"line":80,"column":8},"end":{"line":82,"column":9}},"25":{"start":{"line":81,"column":12},"end":{"line":81,"column":71}},"26":{"start":{"line":84,"column":8},"end":{"line":84,"column":35}},"27":{"start":{"line":86,"column":8},"end":{"line":86,"column":55}},"28":{"start":{"line":93,"column":19},"end":{"line":120,"column":1}},"29":{"start":{"line":94,"column":4},"end":{"line":119,"column":5}},"30":{"start":{"line":95,"column":23},"end":{"line":95,"column":33}},"31":{"start":{"line":96,"column":28},"end":{"line":96,"column":36}},"32":{"start":{"line":98,"column":8},"end":{"line":100,"column":9}},"33":{"start":{"line":99,"column":12},"end":{"line":99,"column":76}},"34":{"start":{"line":102,"column":8},"end":{"line":104,"column":9}},"35":{"start":{"line":103,"column":12},"end":{"line":103,"column":82}},"36":{"start":{"line":106,"column":28},"end":{"line":110,"column":9}},"37":{"start":{"line":112,"column":8},"end":{"line":114,"column":9}},"38":{"start":{"line":113,"column":12},"end":{"line":113,"column":82}},"39":{"start":{"line":116,"column":8},"end":{"line":116,"column":42}},"40":{"start":{"line":118,"column":8},"end":{"line":118,"column":55}},"41":{"start":{"line":123,"column":0},"end":{"line":130,"column":2}}},"fnMap":{"0":{"name":"(anonymous_0)","decl":{"start":{"line":6,"column":16},"end":{"line":6,"column":17}},"loc":{"start":{"line":6,"column":36},"end":{"line":24,"column":1}},"line":6},"1":{"name":"(anonymous_1)","decl":{"start":{"line":30,"column":20},"end":{"line":30,"column":21}},"loc":{"start":{"line":30,"column":40},"end":{"line":49,"column":1}},"line":30},"2":{"name":"(anonymous_2)","decl":{"start":{"line":74,"column":20},"end":{"line":74,"column":21}},"loc":{"start":{"line":74,"column":40},"end":{"line":88,"column":1}},"line":74},"3":{"name":"(anonymous_3)","decl":{"start":{"line":93,"column":19},"end":{"line":93,"column":20}},"loc":{"start":{"line":93,"column":39},"end":{"line":120,"column":1}},"line":93}},"branchMap":{"0":{"loc":{"start":{"line":10,"column":8},"end":{"line":12,"column":9}},"type":"if","locations":[{"start":{"line":10,"column":8},"end":{"line":12,"column":9}},{"start":{},"end":{}}],"line":10},"1":{"loc":{"start":{"line":10,"column":12},"end":{"line":10,"column":33}},"type":"binary-expr","locations":[{"start":{"line":10,"column":12},"end":{"line":10,"column":20}},{"start":{"line":10,"column":24},"end":{"line":10,"column":33}}],"line":10},"2":{"loc":{"start":{"line":35,"column":8},"end":{"line":39,"column":9}},"type":"if","locations":[{"start":{"line":35,"column":8},"end":{"line":39,"column":9}},{"start":{"line":37,"column":15},"end":{"line":39,"column":9}}],"line":35},"3":{"loc":{"start":{"line":41,"column":8},"end":{"line":43,"column":9}},"type":"if","locations":[{"start":{"line":41,"column":8},"end":{"line":43,"column":9}},{"start":{},"end":{}}],"line":41},"4":{"loc":{"start":{"line":41,"column":12},"end":{"line":41,"column":40}},"type":"binary-expr","locations":[{"start":{"line":41,"column":12},"end":{"line":41,"column":18}},{"start":{"line":41,"column":22},"end":{"line":41,"column":40}}],"line":41},"5":{"loc":{"start":{"line":80,"column":8},"end":{"line":82,"column":9}},"type":"if","locations":[{"start":{"line":80,"column":8},"end":{"line":82,"column":9}},{"start":{},"end":{}}],"line":80},"6":{"loc":{"start":{"line":98,"column":8},"end":{"line":100,"column":9}},"type":"if","locations":[{"start":{"line":98,"column":8},"end":{"line":100,"column":9}},{"start":{},"end":{}}],"line":98},"7":{"loc":{"start":{"line":102,"column":8},"end":{"line":104,"column":9}},"type":"if","locations":[{"start":{"line":102,"column":8},"end":{"line":104,"column":9}},{"start":{},"end":{}}],"line":102},"8":{"loc":{"start":{"line":112,"column":8},"end":{"line":114,"column":9}},"type":"if","locations":[{"start":{"line":112,"column":8},"end":{"line":114,"column":9}},{"start":{},"end":{}}],"line":112}},"s":{"0":2,"1":2,"2":3,"3":3,"4":3,"5":1,"6":2,"7":2,"8":2,"9":0,"10":2,"11":3,"12":3,"13":3,"14":1,"15":2,"16":3,"17":1,"18":2,"19":0,"20":2,"21":2,"22":2,"23":2,"24":2,"25":1,"26":1,"27":0,"28":2,"29":3,"30":3,"31":3,"32":3,"33":0,"34":3,"35":1,"36":2,"37":2,"38":1,"39":1,"40":0,"41":2},"f":{"0":3,"1":3,"2":2,"3":3},"b":{"0":[1,2],"1":[3,3],"2":[1,2],"3":[1,2],"4":[3,3],"5":[1,1],"6":[0,3],"7":[1,2],"8":[1,1]},"_coverageSchema":"1a1c01bbd47fc00a2c39e90264f33305004495a9","hash":"5578dc761da99005d2a7af07e8b8652dd7319f27"}
,"C:\\Users\\miki1\\Documents\\GitHub\\Assignment1-2\\models\\comment.js": {"path":"C:\\Users\\miki1\\Documents\\GitHub\\Assignment1-2\\models\\comment.js","statementMap":{"0":{"start":{"line":1,"column":17},"end":{"line":1,"column":36}},"1":{"start":{"line":3,"column":22},"end":{"line":8,"column":2}},"2":{"start":{"line":10,"column":0},"end":{"line":10,"column":58}}},"fnMap":{},"branchMap":{},"s":{"0":2,"1":2,"2":2},"f":{},"b":{},"_coverageSchema":"1a1c01bbd47fc00a2c39e90264f33305004495a9","hash":"42fe0fde6d83fb8eaf31241037e25f79ba7fbbab"}
,"C:\\Users\\miki1\\Documents\\GitHub\\Assignment1-2\\models\\post.js": {"path":"C:\\Users\\miki1\\Documents\\GitHub\\Assignment1-2\\models\\post.js","statementMap":{"0":{"start":{"line":1,"column":17},"end":{"line":1,"column":36}},"1":{"start":{"line":3,"column":19},"end":{"line":12,"column":2}},"2":{"start":{"line":14,"column":0},"end":{"line":14,"column":52}}},"fnMap":{},"branchMap":{},"s":{"0":2,"1":2,"2":2},"f":{},"b":{},"_coverageSchema":"1a1c01bbd47fc00a2c39e90264f33305004495a9","hash":"d82ded0b5ee2968fdbfb4db233fe3bf9e48cb3c3"}
,"C:\\Users\\miki1\\Documents\\GitHub\\Assignment1-2\\routes\\comment.js": {"path":"C:\\Users\\miki1\\Documents\\GitHub\\Assignment1-2\\routes\\comment.js","statementMap":{"0":{"start":{"line":1,"column":16},"end":{"line":1,"column":34}},"1":{"start":{"line":2,"column":15},"end":{"line":2,"column":31}},"2":{"start":{"line":10,"column":4},"end":{"line":10,"column":37}},"3":{"start":{"line":12,"column":0},"end":{"line":12,"column":32}},"4":{"start":{"line":13,"column":0},"end":{"line":13,"column":37}},"5":{"start":{"line":14,"column":0},"end":{"line":14,"column":34}},"6":{"start":{"line":15,"column":0},"end":{"line":15,"column":37}},"7":{"start":{"line":19,"column":0},"end":{"line":19,"column":24}}},"fnMap":{},"branchMap":{},"s":{"0":2,"1":2,"2":2,"3":2,"4":2,"5":2,"6":2,"7":2},"f":{},"b":{},"_coverageSchema":"1a1c01bbd47fc00a2c39e90264f33305004495a9","hash":"dc5fd998ae1d771f65e9f08baa6a4640163aca30"}
,"C:\\Users\\miki1\\Documents\\GitHub\\Assignment1-2\\routes\\post.js": {"path":"C:\\Users\\miki1\\Documents\\GitHub\\Assignment1-2\\routes\\post.js","statementMap":{"0":{"start":{"line":1,"column":16},"end":{"line":1,"column":34}},"1":{"start":{"line":2,"column":15},"end":{"line":2,"column":31}},"2":{"start":{"line":3,"column":23},"end":{"line":3,"column":53}},"3":{"start":{"line":5,"column":0},"end":{"line":5,"column":41}},"4":{"start":{"line":6,"column":0},"end":{"line":6,"column":44}},"5":{"start":{"line":7,"column":0},"end":{"line":7,"column":47}},"6":{"start":{"line":8,"column":0},"end":{"line":8,"column":46}},"7":{"start":{"line":10,"column":0},"end":{"line":10,"column":24}}},"fnMap":{},"branchMap":{},"s":{"0":2,"1":2,"2":2,"3":2,"4":2,"5":2,"6":2,"7":2},"f":{},"b":{},"_coverageSchema":"1a1c01bbd47fc00a2c39e90264f33305004495a9","hash":"f29391635b87949a420b8b31b4aa3bc1e4e6e40c"}
}
