TN:
SF:server.js
FN:12,(anonymous_0)
FN:26,(anonymous_1)
FN:27,(anonymous_2)
FNF:3
FNH:3
FNDA:2,(anonymous_0)
FNDA:2,(anonymous_1)
FNDA:2,(anonymous_2)
DA:1,2
DA:2,2
DA:3,2
DA:5,2
DA:6,2
DA:7,2
DA:8,2
DA:10,2
DA:11,2
DA:12,2
DA:13,2
DA:16,2
DA:17,2
DA:19,2
DA:21,2
DA:26,2
DA:27,2
DA:28,2
DA:29,2
DA:33,2
LF:20
LH:20
BRF:0
BRH:0
end_of_record
TN:
SF:controllers\comment.js
FN:4,(anonymous_0)
FN:18,(anonymous_1)
FN:32,(anonymous_2)
FN:44,(anonymous_3)
FNF:4
FNH:4
FNDA:3,(anonymous_0)
FNDA:3,(anonymous_1)
FNDA:3,(anonymous_2)
FNDA:2,(anonymous_3)
DA:1,2
DA:4,2
DA:5,3
DA:6,3
DA:7,3
DA:8,2
DA:11,1
DA:12,1
DA:14,0
DA:18,2
DA:19,3
DA:20,3
DA:23,3
DA:24,3
DA:26,3
DA:28,0
DA:32,2
DA:33,3
DA:34,3
DA:35,3
DA:36,2
DA:37,1
DA:39,1
DA:44,2
DA:45,2
DA:46,2
DA:47,2
DA:48,2
DA:49,1
DA:51,0
DA:57,2
LF:31
LH:28
BRDA:7,0,0,2
BRDA:7,0,1,1
BRDA:7,1,0,3
BRDA:7,1,1,2
BRDA:7,1,2,2
BRDA:23,2,0,1
BRDA:23,2,1,2
BRDA:36,3,0,1
BRDA:36,3,1,1
BRDA:48,4,0,1
BRDA:48,4,1,1
BRF:11
BRH:11
end_of_record
TN:
SF:controllers\post.js
FN:6,(anonymous_0)
FN:30,(anonymous_1)
FN:74,(anonymous_2)
FN:93,(anonymous_3)
FNF:4
FNH:4
FNDA:3,(anonymous_0)
FNDA:3,(anonymous_1)
FNDA:2,(anonymous_2)
FNDA:3,(anonymous_3)
DA:1,2
DA:6,2
DA:7,3
DA:8,3
DA:10,3
DA:11,1
DA:14,2
DA:19,2
DA:20,2
DA:22,0
DA:30,2
DA:31,3
DA:32,3
DA:35,3
DA:36,1
DA:38,2
DA:41,3
DA:42,1
DA:45,2
DA:47,0
DA:74,2
DA:75,2
DA:76,2
DA:78,2
DA:80,2
DA:81,1
DA:84,1
DA:86,0
DA:93,2
DA:94,3
DA:95,3
DA:96,3
DA:98,3
DA:99,0
DA:102,3
DA:103,1
DA:106,2
DA:112,2
DA:113,1
DA:116,1
DA:118,0
DA:123,2
LF:42
LH:37
BRDA:10,0,0,1
BRDA:10,0,1,2
BRDA:10,1,0,3
BRDA:10,1,1,3
BRDA:35,2,0,1
BRDA:35,2,1,2
BRDA:41,3,0,1
BRDA:41,3,1,2
BRDA:41,4,0,3
BRDA:41,4,1,3
BRDA:80,5,0,1
BRDA:80,5,1,1
BRDA:98,6,0,0
BRDA:98,6,1,3
BRDA:102,7,0,1
BRDA:102,7,1,2
BRDA:112,8,0,1
BRDA:112,8,1,1
BRF:18
BRH:17
end_of_record
TN:
SF:models\comment.js
FNF:0
FNH:0
DA:1,2
DA:3,2
DA:10,2
LF:3
LH:3
BRF:0
BRH:0
end_of_record
TN:
SF:models\post.js
FNF:0
FNH:0
DA:1,2
DA:3,2
DA:14,2
LF:3
LH:3
BRF:0
BRH:0
end_of_record
TN:
SF:routes\comment.js
FNF:0
FNH:0
DA:1,2
DA:2,2
DA:10,2
DA:12,2
DA:13,2
DA:14,2
DA:15,2
DA:19,2
LF:8
LH:8
BRF:0
BRH:0
end_of_record
TN:
SF:routes\post.js
FNF:0
FNH:0
DA:1,2
DA:2,2
DA:3,2
DA:5,2
DA:6,2
DA:7,2
DA:8,2
DA:10,2
LF:8
LH:8
BRF:0
BRH:0
end_of_record
